#
# There is insufficient memory for the Java Runtime Environment to continue.
# Native memory allocation (malloc) failed to allocate 501440 bytes for Chunk::new
# Possible reasons:
#   The system is out of physical RAM or swap space
#   In 32 bit mode, the process size limit was hit
# Possible solutions:
#   Reduce memory load on the system
#   Increase physical memory or swap space
#   Check if swap backing store is full
#   Use 64 bit Java on a 64 bit OS
#   Decrease Java heap size (-Xmx/-Xms)
#   Decrease number of Java threads
#   Decrease Java thread stack sizes (-Xss)
#   Set larger code cache with -XX:ReservedCodeCacheSize=
# This output file may be truncated or incomplete.
#
#  Out of Memory Error (allocation.cpp:390), pid=28812, tid=0x0000000000008470
#
# JRE version: OpenJDK Runtime Environment (8.0) (build 1.8.0-adoptopenjdk-_2018_05_19_00_59-b00)
# Java VM: OpenJDK 64-Bit Server VM (25.71-b00 mixed mode windows-amd64 compressed oops)
# Failed to write core dump. Minidumps are not enabled by default on client versions of Windows
#

---------------  T H R E A D  ---------------

Current thread (0x000000001c7bd000):  JavaThread "C2 CompilerThread0" daemon [_thread_in_native, id=33904, stack(0x000000001eeb0000,0x000000001efb0000)]

Stack: [0x000000001eeb0000,0x000000001efb0000]
[error occurred during error reporting (printing stack bounds), id 0xc0000005]

Native frames: (J=compiled Java code, j=interpreted, Vv=VM code, C=native code)


Current CompileTask:
C2:   3293 2513       4       com.sun.org.apache.xerces.internal.impl.XMLNSDocumentScannerImpl::scanStartElement (1026 bytes)


---------------  P R O C E S S  ---------------

Java Threads: ( => current thread )
  0x000000001fc65800 JavaThread "Keep-Alive-Timer" daemon [_thread_blocked, id=27608, stack(0x00000000217c0000,0x00000000218c0000)]
  0x000000001e781800 JavaThread "Service Thread" daemon [_thread_blocked, id=33596, stack(0x000000001f2b0000,0x000000001f3b0000)]
  0x000000001e6f7000 JavaThread "C1 CompilerThread3" daemon [_thread_blocked, id=19300, stack(0x000000001f1b0000,0x000000001f2b0000)]
  0x000000001e6ea000 JavaThread "C2 CompilerThread2" daemon [_thread_in_native, id=26984, stack(0x000000001f0b0000,0x000000001f1b0000)]
  0x000000001e6df800 JavaThread "C2 CompilerThread1" daemon [_thread_in_vm, id=29484, stack(0x000000001efb0000,0x000000001f0b0000)]
=>0x000000001c7bd000 JavaThread "C2 CompilerThread0" daemon [_thread_in_native, id=33904, stack(0x000000001eeb0000,0x000000001efb0000)]
  0x000000001c7b8000 JavaThread "Attach Listener" daemon [_thread_blocked, id=21720, stack(0x000000001edb0000,0x000000001eeb0000)]
  0x000000001e6de800 JavaThread "Signal Dispatcher" daemon [_thread_blocked, id=34448, stack(0x000000001ecb0000,0x000000001edb0000)]
  0x0000000002d9e000 JavaThread "Finalizer" daemon [_thread_blocked, id=33544, stack(0x000000001eaa0000,0x000000001eba0000)]
  0x000000001c7ab800 JavaThread "Reference Handler" daemon [_thread_blocked, id=25212, stack(0x000000001e5a0000,0x000000001e6a0000)]
  0x0000000002ca5000 JavaThread "main" [_thread_in_native, id=5860, stack(0x0000000002ba0000,0x0000000002ca0000)]

Other Threads:
  0x000000001c7a7000 VMThread [stack: 0x000000001e4a0000,0x000000001e5a0000] [id=31988]
  0x000000001e782000 WatcherThread [stack: 0x000000001f3b0000,0x000000001f4b0000] [id=26680]

VM state:not at safepoint (normal execution)

VM Mutex/Monitor currently owned by a thread: None

Heap:
 PSYoungGen      total 76288K, used 35429K [0x000000076b500000, 0x0000000770a00000, 0x00000007c0000000)
  eden space 65536K, 41% used [0x000000076b500000,0x000000076cfb50c8,0x000000076f500000)
  from space 10752K, 75% used [0x000000076f500000,0x000000076fce43a0,0x000000076ff80000)
  to   space 10752K, 0% used [0x000000076ff80000,0x000000076ff80000,0x0000000770a00000)
 ParOldGen       total 175104K, used 96K [0x00000006c1e00000, 0x00000006cc900000, 0x000000076b500000)
  object space 175104K, 0% used [0x00000006c1e00000,0x00000006c1e18010,0x00000006cc900000)
 Metaspace       used 17594K, capacity 18026K, committed 18304K, reserved 1064960K
  class space    used 2001K, capacity 2141K, committed 2176K, reserved 1048576K

Card table byte_map: [0x0000000012160000,0x0000000012960000] byte_map_base: 0x000000000eb51000

Marking Bits: (ParMarkBitMap*) 0x000000005b71be50
 Begin Bits: [0x00000000136b0000, 0x0000000017638000)
 End Bits:   [0x0000000017638000, 0x000000001b5c0000)

Polling page: 0x0000000001430000

CodeCache: size=245760Kb used=8854Kb max_used=8869Kb free=236905Kb
 bounds [0x0000000002da0000, 0x0000000003660000, 0x0000000011da0000]
 total_blobs=2959 nmethods=2537 adapters=335
 compilation: enabled

Compilation events (10 events):
Event: 3.275 Thread 0x000000001e6f7000 2535       3       com.android.repository.impl.generated.v1.CompleteType::setUrl (6 bytes)
Event: 3.275 Thread 0x000000001e6f7000 nmethod 2535 0x0000000003636ad0 code [0x0000000003636c20, 0x0000000003636d90]
Event: 3.275 Thread 0x000000001e6f7000 2536       3       com.android.repository.impl.generated.v1.ArchiveType$JaxbAccessorF_complete::set (12 bytes)
Event: 3.275 Thread 0x000000001e6f7000 nmethod 2536 0x0000000003636e10 code [0x0000000003636f80, 0x00000000036372d0]
Event: 3.275 Thread 0x000000001e6f7000 2541       3       com.sun.org.apache.xerces.internal.impl.xpath.regex.RegularExpression::match (1844 bytes)
Event: 3.282 Thread 0x000000001e6f7000 nmethod 2541 0x00000000036373d0 code [0x0000000003637fc0, 0x0000000003642a88]
Event: 3.282 Thread 0x000000001e6f7000 2542   !   3       sun.reflect.GeneratedConstructorAccessor34::newInstance (49 bytes)
Event: 3.282 Thread 0x000000001e6f7000 nmethod 2542 0x0000000003649210 code [0x00000000036493c0, 0x00000000036498a8]
Event: 3.282 Thread 0x000000001e6f7000 2543       3       java.util.regex.Pattern$7::isSatisfiedBy (28 bytes)
Event: 3.282 Thread 0x000000001e6f7000 nmethod 2543 0x0000000003649b90 code [0x0000000003649d20, 0x000000000364a0b8]

GC Heap History (2 events):
Event: 2.858 GC heap before
{Heap before GC invocations=1 (full 0):
 PSYoungGen      total 76288K, used 65536K [0x000000076b500000, 0x0000000770a00000, 0x00000007c0000000)
  eden space 65536K, 100% used [0x000000076b500000,0x000000076f500000,0x000000076f500000)
  from space 10752K, 0% used [0x000000076ff80000,0x000000076ff80000,0x0000000770a00000)
  to   space 10752K, 0% used [0x000000076f500000,0x000000076f500000,0x000000076ff80000)
 ParOldGen       total 175104K, used 0K [0x00000006c1e00000, 0x00000006cc900000, 0x000000076b500000)
  object space 175104K, 0% used [0x00000006c1e00000,0x00000006c1e00000,0x00000006cc900000)
 Metaspace       used 17301K, capacity 17754K, committed 18048K, reserved 1064960K
  class space    used 1984K, capacity 2101K, committed 2176K, reserved 1048576K
Event: 2.863 GC heap after
Heap after GC invocations=1 (full 0):
 PSYoungGen      total 76288K, used 8080K [0x000000076b500000, 0x0000000770a00000, 0x00000007c0000000)
  eden space 65536K, 0% used [0x000000076b500000,0x000000076b500000,0x000000076f500000)
  from space 10752K, 75% used [0x000000076f500000,0x000000076fce43a0,0x000000076ff80000)
  to   space 10752K, 0% used [0x000000076ff80000,0x000000076ff80000,0x0000000770a00000)
 ParOldGen       total 175104K, used 96K [0x00000006c1e00000, 0x00000006cc900000, 0x000000076b500000)
  object space 175104K, 0% used [0x00000006c1e00000,0x00000006c1e18010,0x00000006cc900000)
 Metaspace       used 17301K, capacity 17754K, committed 18048K, reserved 1064960K
  class space    used 1984K, capacity 2101K, committed 2176K, reserved 1048576K
}

Deoptimization events (10 events):
Event: 2.700 Thread 0x0000000002ca5000 Uncommon trap: reason=unstable_if action=reinterpret pc=0x00000000030c8c74 method=com.sun.org.apache.xerces.internal.impl.XMLEntityScanner.checkBeforeLoad(Lcom/sun/xml/internal/stream/Entity$ScannedEntity;II)I @ 18
Event: 2.713 Thread 0x0000000002ca5000 Uncommon trap: reason=unstable_if action=reinterpret pc=0x00000000033bb43c method=com.sun.org.apache.xerces.internal.impl.XMLEntityScanner.peekChar()I @ 14
Event: 2.730 Thread 0x0000000002ca5000 Uncommon trap: reason=unstable_if action=reinterpret pc=0x0000000003441218 method=com.sun.org.apache.xerces.internal.impl.XMLEntityScanner.checkBeforeLoad(Lcom/sun/xml/internal/stream/Entity$ScannedEntity;II)I @ 18
Event: 2.791 Thread 0x0000000002ca5000 Uncommon trap: reason=unstable_if action=reinterpret pc=0x00000000033d8328 method=java.lang.AbstractStringBuilder.append(Ljava/lang/CharSequence;)Ljava/lang/AbstractStringBuilder; @ 13
Event: 3.031 Thread 0x0000000002ca5000 Uncommon trap: reason=unstable_if action=reinterpret pc=0x00000000034cab04 method=com.sun.org.apache.xerces.internal.impl.XMLEntityScanner.peekChar()I @ 14
Event: 3.031 Thread 0x0000000002ca5000 Uncommon trap: reason=unstable_if action=reinterpret pc=0x00000000034dbb50 method=com.sun.xml.internal.bind.v2.runtime.unmarshaller.ValidatingUnmarshaller.text(Ljava/lang/CharSequence;)V @ 13
Event: 3.038 Thread 0x0000000002ca5000 Uncommon trap: reason=unstable_if action=reinterpret pc=0x000000000338bf08 method=java.util.regex.Matcher.find()Z @ 34
Event: 3.042 Thread 0x0000000002ca5000 Uncommon trap: reason=unstable_if action=reinterpret pc=0x000000000352ef28 method=com.sun.org.apache.xerces.internal.impl.xpath.regex.RangeToken.match(I)Z @ 4
Event: 3.042 Thread 0x0000000002ca5000 Uncommon trap: reason=unstable_if action=reinterpret pc=0x000000000346b48c method=com.sun.org.apache.xerces.internal.impl.xpath.regex.RangeToken.match(I)Z @ 4
Event: 3.183 Thread 0x0000000002ca5000 Uncommon trap: reason=unstable_if action=reinterpret pc=0x000000000360403c method=java.util.regex.Matcher.find()Z @ 34

Classes redefined (0 events):
No events

Internal exceptions (10 events):
Event: 1.510 Thread 0x0000000002ca5000 Exception <a 'sun/nio/fs/WindowsException'> (0x000000076cc31598) thrown at [C:\Users\jenkins\workspace\openjdk8_build_x86-64_windows\openjdk\hotspot\src\share\vm\prims\jni.cpp, line 709]
Event: 1.510 Thread 0x0000000002ca5000 Exception <a 'sun/nio/fs/WindowsException'> (0x000000076cc31d18) thrown at [C:\Users\jenkins\workspace\openjdk8_build_x86-64_windows\openjdk\hotspot\src\share\vm\prims\jni.cpp, line 709]
Event: 2.289 Thread 0x0000000002ca5000 Implicit null exception at 0x00000000032ad418 to 0x00000000032ad55d
Event: 2.619 Thread 0x0000000002ca5000 Exception <a 'java/lang/ClassNotFoundException': com/sun/org/glassfish/hk2/osgiresourcelocator/ServiceLoader> (0x000000076eb1db08) thrown at [C:\Users\jenkins\workspace\openjdk8_build_x86-64_windows\openjdk\hotspot\src\share\vm\classfile\systemDictionary.
Event: 2.793 Thread 0x0000000002ca5000 Exception <a 'sun/nio/fs/WindowsException'> (0x000000076f4a0648) thrown at [C:\Users\jenkins\workspace\openjdk8_build_x86-64_windows\openjdk\hotspot\src\share\vm\prims\jni.cpp, line 709]
Event: 2.793 Thread 0x0000000002ca5000 Exception <a 'sun/nio/fs/WindowsException'> (0x000000076f4a0b00) thrown at [C:\Users\jenkins\workspace\openjdk8_build_x86-64_windows\openjdk\hotspot\src\share\vm\prims\jni.cpp, line 709]
Event: 2.857 Thread 0x0000000002ca5000 Exception <a 'java/lang/ClassNotFoundException': com/sun/org/glassfish/hk2/osgiresourcelocator/ServiceLoader> (0x000000076f4e28a8) thrown at [C:\Users\jenkins\workspace\openjdk8_build_x86-64_windows\openjdk\hotspot\src\share\vm\classfile\systemDictionary.
Event: 2.991 Thread 0x0000000002ca5000 Exception <a 'java/lang/ClassNotFoundException': com/sun/org/glassfish/hk2/osgiresourcelocator/ServiceLoader> (0x000000076ba8aa20) thrown at [C:\Users\jenkins\workspace\openjdk8_build_x86-64_windows\openjdk\hotspot\src\share\vm\classfile\systemDictionary.
Event: 3.042 Thread 0x0000000002ca5000 Implicit null exception at 0x000000000352da79 to 0x000000000352eed1
Event: 3.042 Thread 0x0000000002ca5000 Implicit null exception at 0x000000000346b3d0 to 0x000000000346b475

Events (10 events):
Event: 3.183 Thread 0x0000000002ca5000 DEOPT UNPACKING pc=0x0000000002de75d0 sp=0x0000000002c9e4c0 mode 0
Event: 3.183 Thread 0x0000000002ca5000 Uncommon trap: trap_request=0xffffff65 fr.pc=0x000000000360403c
Event: 3.183 Thread 0x0000000002ca5000 DEOPT PACKING pc=0x000000000360403c sp=0x0000000002c9e3f0
Event: 3.183 Thread 0x0000000002ca5000 DEOPT UNPACKING pc=0x0000000002de557b sp=0x0000000002c9e378 mode 2
Event: 3.184 Thread 0x0000000002ca5000 DEOPT PACKING pc=0x00000000035c3278 sp=0x0000000002c9e790
Event: 3.184 Thread 0x0000000002ca5000 DEOPT UNPACKING pc=0x0000000002de75d0 sp=0x0000000002c9e4c0 mode 0
Event: 3.185 Thread 0x0000000002ca5000 DEOPT PACKING pc=0x00000000035c3278 sp=0x0000000002c9e790
Event: 3.185 Thread 0x0000000002ca5000 DEOPT UNPACKING pc=0x0000000002de75d0 sp=0x0000000002c9e4c0 mode 0
Event: 3.275 Thread 0x0000000002ca5000 DEOPT PACKING pc=0x00000000035e452d sp=0x0000000002c9dcf0
Event: 3.275 Thread 0x0000000002ca5000 DEOPT UNPACKING pc=0x0000000002de75d0 sp=0x0000000002c9db20 mode 0


Dynamic libraries:
0x00007ff604300000 - 0x00007ff604335000 	D:\Dime\UnityGameFolder\2021.3.19f1\Editor\Data\PlaybackEngines\AndroidPlayer\OpenJDK\bin\java.exe
0x00007ffa5f3b0000 - 0x00007ffa5f5a8000 	C:\Windows\SYSTEM32\ntdll.dll
0x00007ffa5e5f0000 - 0x00007ffa5e6af000 	C:\Windows\System32\KERNEL32.DLL
0x00007ffa5cc20000 - 0x00007ffa5cf16000 	C:\Windows\System32\KERNELBASE.dll
0x00007ffa5e8f0000 - 0x00007ffa5e99f000 	C:\Windows\System32\ADVAPI32.dll
0x00007ffa5daa0000 - 0x00007ffa5db3e000 	C:\Windows\System32\msvcrt.dll
0x00007ffa5da00000 - 0x00007ffa5da9c000 	C:\Windows\System32\sechost.dll
0x00007ffa5e710000 - 0x00007ffa5e836000 	C:\Windows\System32\RPCRT4.dll
0x00007ffa5ee70000 - 0x00007ffa5f00d000 	C:\Windows\System32\USER32.dll
0x00007ffa5d3e0000 - 0x00007ffa5d402000 	C:\Windows\System32\win32u.dll
0x00007ffa5f330000 - 0x00007ffa5f35c000 	C:\Windows\System32\GDI32.dll
0x00007ffa5d200000 - 0x00007ffa5d315000 	C:\Windows\System32\gdi32full.dll
0x00007ffa5d0b0000 - 0x00007ffa5d14d000 	C:\Windows\System32\msvcp_win.dll
0x00007ffa5ca90000 - 0x00007ffa5cb90000 	C:\Windows\System32\ucrtbase.dll
0x00007ffa4f910000 - 0x00007ffa4fbaa000 	C:\Windows\WinSxS\amd64_microsoft.windows.common-controls_6595b64144ccf1df_6.0.19041.1110_none_60b5254171f9507e\COMCTL32.dll
0x00007ffa5ec40000 - 0x00007ffa5ec70000 	C:\Windows\System32\IMM32.DLL
0x000000005b7a0000 - 0x000000005b872000 	D:\Dime\UnityGameFolder\2021.3.19f1\Editor\Data\PlaybackEngines\AndroidPlayer\OpenJDK\jre\bin\msvcr100.dll
0x000000005af50000 - 0x000000005b799000 	D:\Dime\UnityGameFolder\2021.3.19f1\Editor\Data\PlaybackEngines\AndroidPlayer\OpenJDK\jre\bin\server\jvm.dll
0x00007ffa5f360000 - 0x00007ffa5f368000 	C:\Windows\System32\PSAPI.DLL
0x00007ffa2f0b0000 - 0x00007ffa2f0b9000 	C:\Windows\SYSTEM32\WSOCK32.dll
0x00007ffa5d990000 - 0x00007ffa5d9fb000 	C:\Windows\System32\WS2_32.dll
0x00007ffa5a370000 - 0x00007ffa5a397000 	C:\Windows\SYSTEM32\WINMM.dll
0x00007ffa53030000 - 0x00007ffa5303a000 	C:\Windows\SYSTEM32\VERSION.dll
0x00007ffa53d40000 - 0x00007ffa53d4f000 	D:\Dime\UnityGameFolder\2021.3.19f1\Editor\Data\PlaybackEngines\AndroidPlayer\OpenJDK\jre\bin\verify.dll
0x00007ffa12070000 - 0x00007ffa12099000 	D:\Dime\UnityGameFolder\2021.3.19f1\Editor\Data\PlaybackEngines\AndroidPlayer\OpenJDK\jre\bin\java.dll
0x00007ffa11d80000 - 0x00007ffa11d96000 	D:\Dime\UnityGameFolder\2021.3.19f1\Editor\Data\PlaybackEngines\AndroidPlayer\OpenJDK\jre\bin\zip.dll
0x00007ffa5db40000 - 0x00007ffa5e284000 	C:\Windows\System32\SHELL32.dll
0x00007ffa5b810000 - 0x00007ffa5bfa3000 	C:\Windows\SYSTEM32\windows.storage.dll
0x00007ffa5e290000 - 0x00007ffa5e5e4000 	C:\Windows\System32\combase.dll
0x00007ffa5c4d0000 - 0x00007ffa5c4fe000 	C:\Windows\SYSTEM32\Wldp.dll
0x00007ffa5eb90000 - 0x00007ffa5ec3d000 	C:\Windows\System32\SHCORE.dll
0x00007ffa5e6b0000 - 0x00007ffa5e705000 	C:\Windows\System32\shlwapi.dll
0x00007ffa5c9c0000 - 0x00007ffa5c9e5000 	C:\Windows\SYSTEM32\profapi.dll
0x00007ffa11cf0000 - 0x00007ffa11d0a000 	D:\Dime\UnityGameFolder\2021.3.19f1\Editor\Data\PlaybackEngines\AndroidPlayer\OpenJDK\jre\bin\net.dll
0x00007ffa5b740000 - 0x00007ffa5b7aa000 	C:\Windows\system32\mswsock.dll
0x00007ffa0d470000 - 0x00007ffa0d481000 	D:\Dime\UnityGameFolder\2021.3.19f1\Editor\Data\PlaybackEngines\AndroidPlayer\OpenJDK\jre\bin\nio.dll
0x00007ffa05c40000 - 0x00007ffa05c64000 	D:\Dime\UnityGameFolder\2021.3.19f1\Editor\Data\PlaybackEngines\AndroidPlayer\OpenJDK\jre\bin\sunec.dll
0x00007ffa5c420000 - 0x00007ffa5c438000 	C:\Windows\SYSTEM32\CRYPTSP.dll
0x000000005dc20000 - 0x000000005dc31000 	C:\Program Files\Common Files\Crypto Pro\AppCompat\cpadvai.dll
0x000000005dc40000 - 0x000000005dc47000 	C:\Program Files\Common Files\Crypto Pro\AppCompat\detoured.dll
0x00007ffa5afe0000 - 0x00007ffa5b014000 	C:\Windows\system32\rsaenh.dll
0x00007ffa5cf20000 - 0x00007ffa5cf47000 	C:\Windows\System32\bcrypt.dll
0x00007ffa5c940000 - 0x00007ffa5c96e000 	C:\Windows\SYSTEM32\USERENV.dll
0x00007ffa5cb90000 - 0x00007ffa5cc12000 	C:\Windows\System32\bcryptprimitives.dll
0x00007ffa5c440000 - 0x00007ffa5c44c000 	C:\Windows\SYSTEM32\CRYPTBASE.dll
0x00007ffa5b3e0000 - 0x00007ffa5b41b000 	C:\Windows\SYSTEM32\IPHLPAPI.DLL
0x00007ffa5f010000 - 0x00007ffa5f018000 	C:\Windows\System32\NSI.dll
0x00007ffa506e0000 - 0x00007ffa506f7000 	C:\Windows\SYSTEM32\dhcpcsvc6.DLL
0x00007ffa51220000 - 0x00007ffa5123d000 	C:\Windows\SYSTEM32\dhcpcsvc.DLL
0x00007ffa5b430000 - 0x00007ffa5b4fa000 	C:\Windows\SYSTEM32\DNSAPI.dll
0x00007ffa53c10000 - 0x00007ffa53c1b000 	D:\Dime\UnityGameFolder\2021.3.19f1\Editor\Data\PlaybackEngines\AndroidPlayer\OpenJDK\jre\bin\sunmscapi.dll
0x00007ffa5cf50000 - 0x00007ffa5d0ae000 	C:\Windows\System32\CRYPT32.dll
0x000000005dc50000 - 0x000000005dc6f000 	C:\Program Files\Common Files\Crypto Pro\AppCompat\cpcrypt.dll
0x00007ffa53820000 - 0x00007ffa5382a000 	C:\Windows\System32\rasadhlp.dll
0x00007ffa3a6a0000 - 0x00007ffa3a722000 	C:\Windows\System32\fwpuclnt.dll

VM Arguments:
jvm_args: -Dfile.encoding=UTF-8 -Dcom.android.sdklib.toolsdir=D:\Dime\UnityGameFolder\2021.3.19f1\Editor\Data\PlaybackEngines\AndroidPlayer\SDK\tools\bin\\.. 
java_command: com.android.sdklib.tool.sdkmanager.SdkManagerCli --list
java_class_path (initial): D:\Dime\UnityGameFolder\2021.3.19f1\Editor\Data\PlaybackEngines\AndroidPlayer\SDK\tools\bin\..\lib\dvlib-26.0.0-dev.jar;D:\Dime\UnityGameFolder\2021.3.19f1\Editor\Data\PlaybackEngines\AndroidPlayer\SDK\tools\bin\..\lib\jimfs-1.1.jar;D:\Dime\UnityGameFolder\2021.3.19f1\Editor\Data\PlaybackEngines\AndroidPlayer\SDK\tools\bin\..\lib\jsr305-1.3.9.jar;D:\Dime\UnityGameFolder\2021.3.19f1\Editor\Data\PlaybackEngines\AndroidPlayer\SDK\tools\bin\..\lib\repository-26.0.0-dev.jar;D:\Dime\UnityGameFolder\2021.3.19f1\Editor\Data\PlaybackEngines\AndroidPlayer\SDK\tools\bin\..\lib\j2objc-annotations-1.1.jar;D:\Dime\UnityGameFolder\2021.3.19f1\Editor\Data\PlaybackEngines\AndroidPlayer\SDK\tools\bin\..\lib\layoutlib-api-26.0.0-dev.jar;D:\Dime\UnityGameFolder\2021.3.19f1\Editor\Data\PlaybackEngines\AndroidPlayer\SDK\tools\bin\..\lib\gson-2.3.jar;D:\Dime\UnityGameFolder\2021.3.19f1\Editor\Data\PlaybackEngines\AndroidPlayer\SDK\tools\bin\..\lib\httpcore-4.2.5.jar;D:\Dime\UnityGameFolder\2021.3.19f1\Editor\Data\PlaybackEngines\AndroidPlayer\SDK\tools\bin\..\lib\commons-logging-1.1.1.jar;D:\Dime\UnityGameFolder\2021.3.19f1\Editor\Data\PlaybackEngines\AndroidPlayer\SDK\tools\bin\..\lib\commons-compress-1.12.jar;D:\Dime\UnityGameFolder\2021.3.19f1\Editor\Data\PlaybackEngines\AndroidPlayer\SDK\tools\bin\..\lib\annotations-26.0.0-dev.jar;D:\Dime\UnityGameFolder\2021.3.19f1\Editor\Data\PlaybackEngines\AndroidPlayer\SDK\tools\bin\..\lib\error_prone_annotations-2.0.18.jar;D:\Dime\UnityGameFolder\2021.3.19f1\Editor\Data\PlaybackEngines\AndroidPlayer\SDK\tools\bin\..\lib\animal-sniffer-annotations-1.14.jar;D:\Dime\UnityGameFolder\2021.3.19f1\Editor\Data\PlaybackEngines\AndroidPlayer\SDK\tools\bin\..\lib\httpclient-4.2.6.jar;D:\Dime\UnityGameFolder\2021.3.19f1\Editor\Data\PlaybackEngines\AndroidPlayer\SDK\tools\bin\..\lib\commons-codec-1.6.jar;D:\Dime\UnityGameFolder\2021.3.19f1\Editor\Data\PlaybackEngines\AndroidPlayer\SDK\tools\bin\..\lib\common-26.0.0-dev.jar;D:\Dim
Launcher Type: SUN_STANDARD

Environment Variables:
JAVA_HOME=D:\Dime\UnityGameFolder\2021.3.19f1\Editor\Data\PlaybackEngines\AndroidPlayer\OpenJDK
JAVA_TOOL_OPTIONS=-Dfile.encoding=UTF-8
PATH=C:\Program Files (x86)\Common Files\Oracle\Java\javapath;C:\Windows\system32;C:\Windows;C:\Windows\System32\Wbem;C:\Windows\System32\WindowsPowerShell\v1.0\;C:\Windows\System32\OpenSSH\;C:\Program Files (x86)\NVIDIA Corporation\PhysX\Common;C:\Program Files\NVIDIA Corporation\NVIDIA NvDLISR;C:\Program Files\dotnet\;C:\Program Files (x86)\dotnet\;C:\Program Files\Microsoft SQL Server\130\Tools\Binn\;C:\Program Files\Microsoft SQL Server\Client SDK\ODBC\170\Tools\Binn\;C:\Program Files (x86)\Microsoft SQL Server\160\Tools\Binn\;C:\Program Files\Microsoft SQL Server\160\Tools\Binn\;C:\Program Files\Microsoft SQL Server\160\DTS\Binn\;C:\Program Files (x86)\Microsoft SQL Server\160\DTS\Binn\;C:\Program Files\Azure Data Studio\bin;C:\Users\kdv-c\AppData\Local\Microsoft\WindowsApps;C:\Users\kdv-c\.dotnet\tools;C:\Users\kdv-c\AppData\Local\GitHubDesktop\bin;C:\Users\kdv-c\AppData\Local\Programs\Microsoft VS Code\bin;C:\Program Files\Azure Data Studio\bin
USERNAME=kdv-c
OS=Windows_NT
PROCESSOR_IDENTIFIER=Intel64 Family 6 Model 165 Stepping 2, GenuineIntel



---------------  S Y S T E M  ---------------

OS: Windows 10.0 , 64 bit Build 19041 (10.0.19041.3155)

CPU:total 8 (initial active 8) (4 cores per cpu, 2 threads per core) family 6 model 165 stepping 2, cmov, cx8, fxsr, mmx, sse, sse2, sse3, ssse3, sse4.1, sse4.2, popcnt, avx, avx2, aes, clmul, erms, 3dnowpref, lzcnt, ht, tsc, tscinvbit, bmi1, bmi2, adx

Memory: 4k page, physical 16647984k(4955796k free), swap 21767984k(1100k free)

vm_info: OpenJDK 64-Bit Server VM (25.71-b00) for windows-amd64 JRE (1.8.0-adoptopenjdk-_2018_05_19_00_59-b00), built on May 19 2018 01:02:12 by "jenkins" with MS VC++ 10.0 (VS2010)

time: Sun Aug 27 20:34:31 2023
elapsed time: 3 seconds (0d 0h 0m 3s)

