#
# There is insufficient memory for the Java Runtime Environment to continue.
# Native memory allocation (malloc) failed to allocate 1048576 bytes for AllocateHeap
# Possible reasons:
#   The system is out of physical RAM or swap space
#   In 32 bit mode, the process size limit was hit
# Possible solutions:
#   Reduce memory load on the system
#   Increase physical memory or swap space
#   Check if swap backing store is full
#   Use 64 bit Java on a 64 bit OS
#   Decrease Java heap size (-Xmx/-Xms)
#   Decrease number of Java threads
#   Decrease Java thread stack sizes (-Xss)
#   Set larger code cache with -XX:ReservedCodeCacheSize=
# This output file may be truncated or incomplete.
#
#  Out of Memory Error (memory/allocation.inline.hpp:61), pid=9100, tid=0x0000000000006908
#
# JRE version:  (8.0) (build )
# Java VM: OpenJDK 64-Bit Server VM (25.71-b00 mixed mode windows-amd64 compressed oops)
# Failed to write core dump. Minidumps are not enabled by default on client versions of Windows
#

---------------  T H R E A D  ---------------

Current thread (0x0000000002aa2800):  JavaThread "Unknown thread" [_thread_in_vm, id=26888, stack(0x00000000029a0000,0x0000000002aa0000)]

Stack: [0x00000000029a0000,0x0000000002aa0000]
[error occurred during error reporting (printing stack bounds), id 0xc0000005]

Native frames: (J=compiled Java code, j=interpreted, Vv=VM code, C=native code)


---------------  P R O C E S S  ---------------

Java Threads: ( => current thread )

Other Threads:

=>0x0000000002aa2800 (exited) JavaThread "Unknown thread" [_thread_in_vm, id=26888, stack(0x00000000029a0000,0x0000000002aa0000)]

VM state:not at safepoint (normal execution)

VM Mutex/Monitor currently owned by a thread: None

Heap:
 PSYoungGen      total 76288K, used 1310K [0x000000076b500000, 0x0000000770a00000, 0x00000007c0000000)
  eden space 65536K, 2% used [0x000000076b500000,0x000000076b647af0,0x000000076f500000)
  from space 10752K, 0% used [0x000000076ff80000,0x000000076ff80000,0x0000000770a00000)
  to   space 10752K, 0% used [0x000000076f500000,0x000000076f500000,0x000000076ff80000)
 ParOldGen       total 175104K, used 0K [0x00000006c1e00000, 0x00000006cc900000, 0x000000076b500000)
  object space 175104K, 0% used [0x00000006c1e00000,0x00000006c1e00000,0x00000006cc900000)
 Metaspace       used 784K, capacity 1156K, committed 1408K, reserved 1060864K
  class space    used 74K, capacity 384K, committed 384K, reserved 1048576K

Card table byte_map: [0x0000000011f60000,0x0000000012760000] byte_map_base: 0x000000000e951000

Marking Bits: (ParMarkBitMap*) 0x000000005b71be50
 Begin Bits: [0x00000000134b0000, 0x0000000017438000)
 End Bits:   [0x0000000017438000, 0x000000001b3c0000)

Polling page: 0x0000000002880000

CodeCache: size=245760Kb used=328Kb max_used=328Kb free=245431Kb
 bounds [0x0000000002ba0000, 0x0000000002e10000, 0x0000000011ba0000]
 total_blobs=57 nmethods=0 adapters=38
 compilation: enabled

Compilation events (0 events):
No events

GC Heap History (0 events):
No events

Deoptimization events (0 events):
No events

Classes redefined (0 events):
No events

Internal exceptions (0 events):
No events

Events (10 events):
Event: 0.013 loading class java/lang/Short
Event: 0.013 loading class java/lang/Short done
Event: 0.013 loading class java/lang/Integer
Event: 0.013 loading class java/lang/Integer done
Event: 0.013 loading class java/lang/Long
Event: 0.013 loading class java/lang/Long done
Event: 0.014 loading class java/lang/NullPointerException
Event: 0.014 loading class java/lang/NullPointerException done
Event: 0.014 loading class java/lang/ArithmeticException
Event: 0.014 loading class java/lang/ArithmeticException done


Dynamic libraries:
0x00007ff7d43b0000 - 0x00007ff7d43e5000 	D:\Dime\UnityGameFolder\2021.3.19f1\Editor\Data\PlaybackEngines\AndroidPlayer\OpenJDK\bin\java.exe
0x00007ffa5f3b0000 - 0x00007ffa5f5a8000 	C:\Windows\SYSTEM32\ntdll.dll
0x00007ffa5e5f0000 - 0x00007ffa5e6af000 	C:\Windows\System32\KERNEL32.DLL
0x00007ffa5cc20000 - 0x00007ffa5cf16000 	C:\Windows\System32\KERNELBASE.dll
0x00007ffa5e8f0000 - 0x00007ffa5e99f000 	C:\Windows\System32\ADVAPI32.dll
0x00007ffa5daa0000 - 0x00007ffa5db3e000 	C:\Windows\System32\msvcrt.dll
0x00007ffa5da00000 - 0x00007ffa5da9c000 	C:\Windows\System32\sechost.dll
0x00007ffa5e710000 - 0x00007ffa5e836000 	C:\Windows\System32\RPCRT4.dll
0x00007ffa5ee70000 - 0x00007ffa5f00d000 	C:\Windows\System32\USER32.dll
0x00007ffa5d3e0000 - 0x00007ffa5d402000 	C:\Windows\System32\win32u.dll
0x00007ffa5f330000 - 0x00007ffa5f35c000 	C:\Windows\System32\GDI32.dll
0x00007ffa5d200000 - 0x00007ffa5d315000 	C:\Windows\System32\gdi32full.dll
0x00007ffa5d0b0000 - 0x00007ffa5d14d000 	C:\Windows\System32\msvcp_win.dll
0x00007ffa5ca90000 - 0x00007ffa5cb90000 	C:\Windows\System32\ucrtbase.dll
0x00007ffa4f910000 - 0x00007ffa4fbaa000 	C:\Windows\WinSxS\amd64_microsoft.windows.common-controls_6595b64144ccf1df_6.0.19041.1110_none_60b5254171f9507e\COMCTL32.dll
0x00007ffa5ec40000 - 0x00007ffa5ec70000 	C:\Windows\System32\IMM32.DLL
0x000000005b7a0000 - 0x000000005b872000 	D:\Dime\UnityGameFolder\2021.3.19f1\Editor\Data\PlaybackEngines\AndroidPlayer\OpenJDK\jre\bin\msvcr100.dll
0x000000005af50000 - 0x000000005b799000 	D:\Dime\UnityGameFolder\2021.3.19f1\Editor\Data\PlaybackEngines\AndroidPlayer\OpenJDK\jre\bin\server\jvm.dll
0x00007ffa5f360000 - 0x00007ffa5f368000 	C:\Windows\System32\PSAPI.DLL
0x00007ffa2f0b0000 - 0x00007ffa2f0b9000 	C:\Windows\SYSTEM32\WSOCK32.dll
0x00007ffa5d990000 - 0x00007ffa5d9fb000 	C:\Windows\System32\WS2_32.dll
0x00007ffa5a370000 - 0x00007ffa5a397000 	C:\Windows\SYSTEM32\WINMM.dll
0x00007ffa53030000 - 0x00007ffa5303a000 	C:\Windows\SYSTEM32\VERSION.dll
0x00007ffa1ef60000 - 0x00007ffa1ef6f000 	D:\Dime\UnityGameFolder\2021.3.19f1\Editor\Data\PlaybackEngines\AndroidPlayer\OpenJDK\jre\bin\verify.dll
0x00007ffa05fe0000 - 0x00007ffa06009000 	D:\Dime\UnityGameFolder\2021.3.19f1\Editor\Data\PlaybackEngines\AndroidPlayer\OpenJDK\jre\bin\java.dll
0x00007ffa0f950000 - 0x00007ffa0f966000 	D:\Dime\UnityGameFolder\2021.3.19f1\Editor\Data\PlaybackEngines\AndroidPlayer\OpenJDK\jre\bin\zip.dll

VM Arguments:
jvm_args: -Dfile.encoding=UTF-8 
java_command: <unknown>
java_class_path (initial): .
Launcher Type: SUN_STANDARD

Environment Variables:
JAVA_HOME=D:\Dime\UnityGameFolder\2021.3.19f1\Editor\Data\PlaybackEngines\AndroidPlayer\OpenJDK
JAVA_TOOL_OPTIONS=-Dfile.encoding=UTF-8
PATH=C:\Program Files (x86)\Common Files\Oracle\Java\javapath;C:\Windows\system32;C:\Windows;C:\Windows\System32\Wbem;C:\Windows\System32\WindowsPowerShell\v1.0\;C:\Windows\System32\OpenSSH\;C:\Program Files (x86)\NVIDIA Corporation\PhysX\Common;C:\Program Files\NVIDIA Corporation\NVIDIA NvDLISR;C:\Program Files\dotnet\;C:\Program Files (x86)\dotnet\;C:\Program Files\Microsoft SQL Server\130\Tools\Binn\;C:\Program Files\Microsoft SQL Server\Client SDK\ODBC\170\Tools\Binn\;C:\Program Files (x86)\Microsoft SQL Server\160\Tools\Binn\;C:\Program Files\Microsoft SQL Server\160\Tools\Binn\;C:\Program Files\Microsoft SQL Server\160\DTS\Binn\;C:\Program Files (x86)\Microsoft SQL Server\160\DTS\Binn\;C:\Program Files\Azure Data Studio\bin;C:\Users\kdv-c\AppData\Local\Microsoft\WindowsApps;C:\Users\kdv-c\.dotnet\tools;C:\Users\kdv-c\AppData\Local\GitHubDesktop\bin;C:\Users\kdv-c\AppData\Local\Programs\Microsoft VS Code\bin;C:\Program Files\Azure Data Studio\bin
USERNAME=kdv-c
OS=Windows_NT
PROCESSOR_IDENTIFIER=Intel64 Family 6 Model 165 Stepping 2, GenuineIntel



---------------  S Y S T E M  ---------------

OS: Windows 10.0 , 64 bit Build 19041 (10.0.19041.3155)

CPU:total 8 (initial active 8) (4 cores per cpu, 2 threads per core) family 6 model 165 stepping 2, cmov, cx8, fxsr, mmx, sse, sse2, sse3, ssse3, sse4.1, sse4.2, popcnt, avx, avx2, aes, clmul, erms, 3dnowpref, lzcnt, ht, tsc, tscinvbit, bmi1, bmi2, adx

Memory: 4k page, physical 16647984k(4835132k free), swap 21767984k(5932k free)

vm_info: OpenJDK 64-Bit Server VM (25.71-b00) for windows-amd64 JRE (1.8.0-adoptopenjdk-_2018_05_19_00_59-b00), built on May 19 2018 01:02:12 by "jenkins" with MS VC++ 10.0 (VS2010)

time: Sun Aug 27 21:39:13 2023
elapsed time: 0 seconds (0d 0h 0m 0s)

